<?xml version="1.0" encoding="UTF-8"?>
<Site BuildName="Win32-mingw32-make"
	BuildStamp="20220905-0536-Experimental"
	Name="LAPTOP-5RBP7COS"
	Generator="ctest-3.24.1"
	CompilerName="D:/media/x86_64-8.1.0-release-posix-seh-rt_v6-rev0/mingw64/bin/g++.exe"
	CompilerVersion="8.1.0"
	OSName="Windows"
	Hostname="LAPTOP-5RBP7COS"
	OSRelease=" Personal"
	OSVersion=" (Build 19044)"
	OSPlatform="AMD64"
	Is64Bits="1"
	VendorString="AuthenticAMD"
	VendorID="Advanced Micro Devices"
	FamilyID="15"
	ModelID="8"
	ProcessorCacheSize="96"
	NumberOfLogicalCPU="8"
	NumberOfPhysicalCPU="4"
	TotalVirtualMemory="12939"
	TotalPhysicalMemory="10178"
	LogicalProcessorsPerPhysical="2"
	ProcessorClockFrequency="2096"
	>
	<Testing>
		<StartDateTime>Sep 05 02:36 Hora verano Sudam[NON-UTF-8-BYTE-0xE9]rica Pac[NON-UTF-8-BYTE-0xED]fico</StartDateTime>
		<StartTestTime>1662356208</StartTestTime>
		<TestList/>
		<EndDateTime>Sep 05 02:36 Hora verano Sudam[NON-UTF-8-BYTE-0xE9]rica Pac[NON-UTF-8-BYTE-0xED]fico</EndDateTime>
		<EndTestTime>1662356208</EndTestTime>
		<ElapsedMinutes>0</ElapsedMinutes>
	</Testing>
</Site>
